2024/11/07 17:25:11 Request ID: A8jLbX, Method: GET, URL: /comments, IP: [::1]:58508, Status: 200, Duration: 2.6291ms, Time: 2024-11-07T17:25:11+03:00
2024/11/07 17:25:43 Request ID: awd123, Method: GET, URL: /comments, IP: [::1]:58510, Status: 200, Duration: 1.0913ms, Time: 2024-11-07T17:25:43+03:00
2024/11/07 18:23:44 Request ID: pO6h2v, Method: POST, URL: /comments, IP: [::1]:59298, Status: 201, Duration: 21.4405ms, Time: 2024-11-07T18:23:44+03:00
2024/11/07 18:23:55 Request ID: NLt5O4, Method: POST, URL: /comments, IP: [::1]:59301, Status: 400, Duration: 13.1225ms, Time: 2024-11-07T18:23:55+03:00
2024/11/07 18:24:24 Request ID: bBF6Ww, Method: POST, URL: /comments, IP: [::1]:59313, Status: 400, Duration: 11.4919ms, Time: 2024-11-07T18:24:24+03:00
2024/11/07 18:24:36 Request ID: yMOXuI, Method: POST, URL: /comments, IP: [::1]:59315, Status: 201, Duration: 12.0464ms, Time: 2024-11-07T18:24:36+03:00
2024/11/07 18:26:22 Request ID: 123awd, Method: POST, URL: /comments, IP: [::1]:59360, Status: 201, Duration: 13.5443ms, Time: 2024-11-07T18:26:22+03:00
2024/11/07 18:28:10 Request ID: 123awd, Method: POST, URL: /comments, IP: [::1]:59409, Status: 201, Duration: 17.439ms, Time: 2024-11-07T18:28:10+03:00
2024/11/07 18:28:33 Request ID: 123awd, Method: POST, URL: /comments, IP: [::1]:59418, Status: 201, Duration: 34.1034ms, Time: 2024-11-07T18:28:33+03:00
2024/11/07 18:31:37 Request ID: 123awd, Method: POST, URL: /comments, IP: [::1]:59453, Status: 201, Duration: 15.4006ms, Time: 2024-11-07T18:31:37+03:00
2024/11/07 18:47:54 Request ID: 123awd, Method: POST, URL: /comments, IP: [::1]:59685, Status: 500, Duration: 11.8282ms, Time: 2024-11-07T18:47:54+03:00
2024/11/07 18:48:02 Request ID: 123awd, Method: POST, URL: /comments, IP: [::1]:59687, Status: 500, Duration: 12.2825ms, Time: 2024-11-07T18:48:02+03:00
2024/11/07 18:49:45 Request ID: 123awd, Method: POST, URL: /comments, IP: [::1]:59795, Status: 500, Duration: 11.6851ms, Time: 2024-11-07T18:49:45+03:00
2024/11/07 18:50:11 Request ID: JOEVyx, Method: POST, URL: /comments, IP: [::1]:59829, Status: 500, Duration: 8.6033ms, Time: 2024-11-07T18:50:11+03:00
2024/11/07 18:50:18 Request ID: 123awd, Method: POST, URL: /comments, IP: [::1]:59844, Status: 500, Duration: 13.9014ms, Time: 2024-11-07T18:50:18+03:00
2024/11/07 18:52:41 Request ID: 123awd, Method: POST, URL: /comments, IP: [::1]:59938, Status: 500, Duration: 16.6506ms, Time: 2024-11-07T18:52:41+03:00
2024/11/07 18:52:52 Request ID: 0B66WB, Method: POST, URL: /comments, IP: [::1]:59949, Status: 500, Duration: 10.0592ms, Time: 2024-11-07T18:52:52+03:00
2024/11/07 18:52:57 Request ID: JEYGGn, Method: POST, URL: /comments, IP: [::1]:59955, Status: 400, Duration: 12.5592ms, Time: 2024-11-07T18:52:57+03:00
2024/11/07 18:53:06 Request ID: otTYqj, Method: POST, URL: /comments, IP: [::1]:59962, Status: 500, Duration: 9.3326ms, Time: 2024-11-07T18:53:06+03:00
2024/11/07 18:54:06 Request ID: EH0SCB, Method: POST, URL: /comments, IP: [::1]:60007, Status: 500, Duration: 14.6037ms, Time: 2024-11-07T18:54:06+03:00
2024/11/07 18:54:11 Request ID: KqeurK, Method: POST, URL: /comments, IP: [::1]:60011, Status: 400, Duration: 2.6323ms, Time: 2024-11-07T18:54:11+03:00
2024/11/07 18:54:17 Request ID: 123awd, Method: POST, URL: /comments, IP: [::1]:60016, Status: 500, Duration: 34.8601ms, Time: 2024-11-07T18:54:17+03:00
2024/11/07 18:58:37 Request ID: 123awd, Method: POST, URL: /comments, IP: [::1]:60199, Status: 201, Duration: 19.5795ms, Time: 2024-11-07T18:58:37+03:00
2024/11/07 18:58:49 Request ID: 123awd, Method: POST, URL: /comments, IP: [::1]:60207, Status: 400, Duration: 17.4731ms, Time: 2024-11-07T18:58:49+03:00
2024/11/07 18:58:52 Request ID: 123awd, Method: POST, URL: /comments, IP: [::1]:60211, Status: 201, Duration: 24.6978ms, Time: 2024-11-07T18:58:52+03:00
2024/11/07 20:16:09 Request ID: Kb2R03, Method: POST, URL: /comments, IP: [::1]:61532, Status: 201, Duration: 156.7031ms, Time: 2024-11-07T20:16:09+03:00
2024/11/07 20:17:27 Request ID: 1EPwKi, Method: POST, URL: /comments, IP: [::1]:61532, Status: 201, Duration: 23.2898ms, Time: 2024-11-07T20:17:27+03:00
2024/11/07 21:04:55 Request ID: wXEzkp, Method: GET, URL: /comments, IP: [::1]:62708, Status: 200, Duration: 116.5293ms, Time: 2024-11-07T21:04:55+03:00
2024/11/07 21:05:51 Request ID: Ehxg5j, Method: GET, URL: /comments, IP: [::1]:62708, Status: 200, Duration: 18.3143ms, Time: 2024-11-07T21:05:51+03:00
2024/11/07 23:58:49 Request ID: L3Wp9A, Method: GET, URL: /comments, IP: [::1]:50851, Status: 200, Duration: 10.7693ms, Time: 2024-11-07T23:58:48+03:00
2024/11/08 00:08:10 Request ID: f5nls0, Method: GET, URL: /comments, IP: [::1]:50929, Status: 200, Duration: 2.6342ms, Time: 2024-11-08T00:08:10+03:00
2024/11/08 00:09:37 Request ID: lvXvCr, Method: GET, URL: /comments, IP: [::1]:50929, Status: 200, Duration: 507.8µs, Time: 2024-11-08T00:09:37+03:00
2024/11/08 00:10:34 Request ID: TMNmPM, Method: POST, URL: /comments, IP: [::1]:50929, Status: 201, Duration: 42.4473ms, Time: 2024-11-08T00:10:34+03:00
2024/11/08 00:10:37 Request ID: 405F0W, Method: GET, URL: /comments, IP: [::1]:50929, Status: 200, Duration: 535.5µs, Time: 2024-11-08T00:10:37+03:00
2024/11/08 00:11:04 Request ID: wRmFKT, Method: POST, URL: /comments, IP: [::1]:50929, Status: 201, Duration: 30.0246ms, Time: 2024-11-08T00:11:04+03:00
2024/11/08 00:11:05 Request ID: s1BkPA, Method: POST, URL: /comments, IP: [::1]:50929, Status: 201, Duration: 6.2493ms, Time: 2024-11-08T00:11:05+03:00
2024/11/08 00:11:06 Request ID: 2Nbdol, Method: GET, URL: /comments, IP: [::1]:50929, Status: 200, Duration: 545.1µs, Time: 2024-11-08T00:11:06+03:00
2024/11/08 00:19:02 Request ID: wTNlQg, Method: POST, URL: /comments, IP: [::1]:51414, Status: 201, Duration: 32.2659ms, Time: 2024-11-08T00:19:02+03:00
2024/11/08 00:19:05 Request ID: grgsKp, Method: GET, URL: /comments, IP: [::1]:51414, Status: 200, Duration: 520.5µs, Time: 2024-11-08T00:19:05+03:00
2024/11/08 01:00:04 Request ID: qnFvO5, Method: POST, URL: /comments, IP: [::1]:52131, Status: 201, Duration: 101.3986ms, Time: 2024-11-08T01:00:04+03:00
2024/11/08 01:01:41 Request ID: 1mAq7B, Method: GET, URL: /comments, IP: [::1]:52153, Status: 200, Duration: 3.1345ms, Time: 2024-11-08T01:01:41+03:00
2024/11/09 13:00:25 Request ID: yR9sEy, Method: POST, URL: /comments, IP: [::1]:52689, Status: 201, Duration: 48.1868ms, Time: 2024-11-09T13:00:25+03:00
2024/11/09 13:17:44 Request ID: IjNdDK, Method: POST, URL: /comments, IP: [::1]:52834, Status: 201, Duration: 18.3418ms, Time: 2024-11-09T13:17:44+03:00
2024/11/09 13:25:26 Request ID: v6ZIGC, Method: POST, URL: /comments, IP: [::1]:52937, Status: 201, Duration: 13.9039ms, Time: 2024-11-09T13:25:26+03:00
2024/11/09 13:25:30 Request ID: VZVhRk, Method: POST, URL: /comments, IP: [::1]:52937, Status: 201, Duration: 34.4042ms, Time: 2024-11-09T13:25:29+03:00
2024/11/09 13:38:57 Request ID: cHDd2g, Method: POST, URL: /comments, IP: [::1]:53097, Status: 201, Duration: 39.8993ms, Time: 2024-11-09T13:38:57+03:00
2024/11/09 13:39:02 Request ID: ykR3eG, Method: POST, URL: /comments, IP: [::1]:53097, Status: 201, Duration: 24.4886ms, Time: 2024-11-09T13:39:02+03:00
2024/11/09 13:40:55 Request ID: h2aFHK, Method: POST, URL: /comments, IP: [::1]:53121, Status: 201, Duration: 34.5771ms, Time: 2024-11-09T13:40:55+03:00
2024/11/09 13:54:17 Request ID: hktCVl, Method: POST, URL: /comments, IP: [::1]:53310, Status: 201, Duration: 36.5099ms, Time: 2024-11-09T13:54:17+03:00
2024/11/09 15:15:46 Request ID: FEhCP6, Method: POST, URL: /comments, IP: [::1]:61078, Status: 201, Duration: 117.7086ms, Time: 2024-11-09T15:15:46+03:00
2024/11/09 15:16:17 Request ID: Xk2Emh, Method: GET, URL: /comments, IP: [::1]:61078, Status: 200, Duration: 7.0333ms, Time: 2024-11-09T15:16:17+03:00
2024/11/09 15:17:24 Request ID: uwy2UR, Method: GET, URL: /comments, IP: [::1]:61078, Status: 200, Duration: 528.5µs, Time: 2024-11-09T15:17:24+03:00
2024/11/09 15:23:25 Request ID: chTw5x, Method: GET, URL: /comments, IP: [::1]:55575, Status: 200, Duration: 533.3µs, Time: 2024-11-09T15:23:25+03:00
2024/11/09 15:23:27 Request ID: 6E2uda, Method: POST, URL: /comments, IP: [::1]:55575, Status: 201, Duration: 37.0898ms, Time: 2024-11-09T15:23:27+03:00
2024/11/09 15:23:53 Request ID: etbCnS, Method: POST, URL: /comments, IP: [::1]:55586, Status: 201, Duration: 35.3407ms, Time: 2024-11-09T15:23:53+03:00
2024/11/09 15:26:11 Request ID: WU8bE2, Method: POST, URL: /comments, IP: [::1]:55599, Status: 201, Duration: 37.3109ms, Time: 2024-11-09T15:26:11+03:00
2024/11/09 15:27:48 Request ID: L5Jg48, Method: POST, URL: /comments, IP: [::1]:55615, Status: 201, Duration: 38.1114ms, Time: 2024-11-09T15:27:47+03:00
2024/11/09 15:27:51 Request ID: bqaeuM, Method: GET, URL: /comments, IP: [::1]:55615, Status: 200, Duration: 541.9µs, Time: 2024-11-09T15:27:51+03:00
2024/11/09 15:30:55 Request ID: Cm78ig, Method: POST, URL: /comments, IP: [::1]:55676, Status: 201, Duration: 18.4804ms, Time: 2024-11-09T15:30:55+03:00
2024/11/09 15:31:52 Request ID: 7UYbks, Method: GET, URL: /comments, IP: [::1]:55685, Status: 200, Duration: 542.9µs, Time: 2024-11-09T15:31:52+03:00
2024/11/09 15:33:14 Request ID: 40Ctj0, Method: GET, URL: /comments, IP: [::1]:55698, Status: 200, Duration: 538.4µs, Time: 2024-11-09T15:33:14+03:00
2024/11/09 15:33:15 Request ID: lKRy7o, Method: POST, URL: /comments, IP: [::1]:55698, Status: 201, Duration: 46.0475ms, Time: 2024-11-09T15:33:15+03:00
