2024/11/07 18:13:50 Request ID: JeTzNH, Method: POST, URL: /comments, IP: [::1]:59083, Status: 200, Duration: 0s, Time: 2024-11-07T18:13:50+03:00
2024/11/07 18:13:59 Request ID: F73ARZ, Method: POST, URL: /comments, IP: [::1]:59091, Status: 200, Duration: 0s, Time: 2024-11-07T18:13:59+03:00
2024/11/07 18:14:42 Request ID: 123awd, Method: POST, URL: /comments, IP: [::1]:59096, Status: 200, Duration: 0s, Time: 2024-11-07T18:14:42+03:00
2024/11/07 18:14:58 Request ID: 123awd, Method: POST, URL: /comments, IP: [::1]:59118, Status: 400, Duration: 507.4µs, Time: 2024-11-07T18:14:58+03:00
2024/11/07 18:23:44 Request ID: dbUbFB, Method: POST, URL: /comments, IP: [::1]:59299, Status: 200, Duration: 527µs, Time: 2024-11-07T18:23:44+03:00
2024/11/07 18:23:55 Request ID: t9Zwym, Method: POST, URL: /comments, IP: [::1]:59302, Status: 400, Duration: 0s, Time: 2024-11-07T18:23:55+03:00
2024/11/07 18:24:24 Request ID: 1tEcB5, Method: POST, URL: /comments, IP: [::1]:59314, Status: 400, Duration: 0s, Time: 2024-11-07T18:24:24+03:00
2024/11/07 18:24:36 Request ID: KgMz3m, Method: POST, URL: /comments, IP: [::1]:59316, Status: 200, Duration: 0s, Time: 2024-11-07T18:24:36+03:00
2024/11/07 18:26:22 Request ID: yXQQrD, Method: POST, URL: /comments, IP: [::1]:59361, Status: 200, Duration: 0s, Time: 2024-11-07T18:26:22+03:00
2024/11/07 18:28:10 Request ID: h9XIxL, Method: POST, URL: /comments, IP: [::1]:59410, Status: 200, Duration: 0s, Time: 2024-11-07T18:28:10+03:00
2024/11/07 18:28:33 Request ID: eicUZ9, Method: POST, URL: /comments, IP: [::1]:59419, Status: 200, Duration: 549.1µs, Time: 2024-11-07T18:28:33+03:00
2024/11/07 18:28:51 Request ID: 123awd, Method: POST, URL: /comments, IP: [::1]:59420, Status: 400, Duration: 762.9µs, Time: 2024-11-07T18:28:51+03:00
2024/11/07 18:31:37 Request ID: 123awd, Method: POST, URL: /comments, IP: [::1]:59454, Status: 200, Duration: 0s, Time: 2024-11-07T18:31:37+03:00
2024/11/07 18:47:54 Request ID: 123awd, Method: POST, URL: /comments, IP: [::1]:59686, Status: 200, Duration: 551.7µs, Time: 2024-11-07T18:47:54+03:00
2024/11/07 18:48:02 Request ID: 123awd, Method: POST, URL: /comments, IP: [::1]:59688, Status: 200, Duration: 0s, Time: 2024-11-07T18:48:02+03:00
2024/11/07 18:49:45 Request ID: 123awd, Method: POST, URL: /comments, IP: [::1]:59796, Status: 200, Duration: 0s, Time: 2024-11-07T18:49:45+03:00
2024/11/07 18:49:56 Request ID: 123awd, Method: POST, URL: /comments, IP: [::1]:59806, Status: 400, Duration: 0s, Time: 2024-11-07T18:49:56+03:00
2024/11/07 18:50:04 Request ID: 123awd, Method: POST, URL: /comments, IP: [::1]:59811, Status: 200, Duration: 0s, Time: 2024-11-07T18:50:04+03:00
2024/11/07 18:50:11 Request ID: JOEVyx, Method: POST, URL: /comments, IP: [::1]:59830, Status: 200, Duration: 0s, Time: 2024-11-07T18:50:11+03:00
2024/11/07 18:50:18 Request ID: 123awd, Method: POST, URL: /comments, IP: [::1]:59845, Status: 200, Duration: 0s, Time: 2024-11-07T18:50:18+03:00
2024/11/07 18:52:41 Request ID: 123awd, Method: POST, URL: /comments, IP: [::1]:59939, Status: 200, Duration: 0s, Time: 2024-11-07T18:52:41+03:00
2024/11/07 18:52:52 Request ID: 0B66WB, Method: POST, URL: /comments, IP: [::1]:59950, Status: 200, Duration: 0s, Time: 2024-11-07T18:52:52+03:00
2024/11/07 18:52:57 Request ID: JEYGGn, Method: POST, URL: /comments, IP: [::1]:59956, Status: 400, Duration: 580.8µs, Time: 2024-11-07T18:52:57+03:00
2024/11/07 18:53:06 Request ID: otTYqj, Method: POST, URL: /comments, IP: [::1]:59963, Status: 200, Duration: 0s, Time: 2024-11-07T18:53:06+03:00
2024/11/07 18:54:06 Request ID: EH0SCB, Method: POST, URL: /comments, IP: [::1]:60008, Status: 200, Duration: 0s, Time: 2024-11-07T18:54:06+03:00
2024/11/07 18:54:11 Request ID: KqeurK, Method: POST, URL: /comments, IP: [::1]:60012, Status: 400, Duration: 521µs, Time: 2024-11-07T18:54:11+03:00
2024/11/07 18:54:17 Request ID: 123awd, Method: POST, URL: /comments, IP: [::1]:60017, Status: 200, Duration: 65µs, Time: 2024-11-07T18:54:17+03:00
2024/11/07 18:58:37 Request ID: 123awd, Method: POST, URL: /comments, IP: [::1]:60200, Status: 200, Duration: 537.5µs, Time: 2024-11-07T18:58:37+03:00
2024/11/07 18:58:49 Request ID: 123awd, Method: POST, URL: /comments, IP: [::1]:60208, Status: 400, Duration: 1.8125ms, Time: 2024-11-07T18:58:49+03:00
2024/11/07 18:58:52 Request ID: 123awd, Method: POST, URL: /comments, IP: [::1]:60212, Status: 200, Duration: 0s, Time: 2024-11-07T18:58:52+03:00
2024/11/07 20:16:09 Request ID: Kb2R03, Method: POST, URL: /comments, IP: [::1]:61533, Status: 200, Duration: 6.1586ms, Time: 2024-11-07T20:16:09+03:00
2024/11/07 20:17:27 Request ID: 1EPwKi, Method: POST, URL: /comments, IP: [::1]:61619, Status: 200, Duration: 537µs, Time: 2024-11-07T20:17:27+03:00
2024/11/08 00:10:34 Request ID: TMNmPM, Method: POST, URL: /comments, IP: [::1]:50957, Status: 200, Duration: 0s, Time: 2024-11-08T00:10:34+03:00
2024/11/08 00:11:04 Request ID: wRmFKT, Method: POST, URL: /comments, IP: [::1]:50960, Status: 200, Duration: 523µs, Time: 2024-11-08T00:11:04+03:00
2024/11/08 00:11:05 Request ID: s1BkPA, Method: POST, URL: /comments, IP: [::1]:50962, Status: 200, Duration: 540.4µs, Time: 2024-11-08T00:11:05+03:00
2024/11/08 00:19:02 Request ID: wTNlQg, Method: POST, URL: /comments, IP: [::1]:51415, Status: 200, Duration: 0s, Time: 2024-11-08T00:19:02+03:00
2024/11/08 01:00:04 Request ID: qnFvO5, Method: POST, URL: /comments, IP: [::1]:52132, Status: 200, Duration: 537.9µs, Time: 2024-11-08T01:00:04+03:00
2024/11/09 13:00:25 Request ID: yR9sEy, Method: POST, URL: /comments, IP: [::1]:52690, Status: 200, Duration: 515.6µs, Time: 2024-11-09T13:00:25+03:00
2024/11/09 13:17:44 Request ID: IjNdDK, Method: POST, URL: /comments, IP: [::1]:52835, Status: 200, Duration: 506.5µs, Time: 2024-11-09T13:17:44+03:00
2024/11/09 13:25:26 Request ID: v6ZIGC, Method: POST, URL: /comments, IP: [::1]:52938, Status: 200, Duration: 0s, Time: 2024-11-09T13:25:26+03:00
2024/11/09 13:25:29 Request ID: VZVhRk, Method: POST, URL: /comments, IP: [::1]:52942, Status: 200, Duration: 0s, Time: 2024-11-09T13:25:29+03:00
2024/11/09 13:38:57 Request ID: cHDd2g, Method: POST, URL: /comments, IP: [::1]:53098, Status: 200, Duration: 536.9µs, Time: 2024-11-09T13:38:57+03:00
2024/11/09 13:39:02 Request ID: ykR3eG, Method: POST, URL: /comments, IP: [::1]:53100, Status: 200, Duration: 0s, Time: 2024-11-09T13:39:02+03:00
2024/11/09 13:40:55 Request ID: h2aFHK, Method: POST, URL: /comments, IP: [::1]:53122, Status: 200, Duration: 0s, Time: 2024-11-09T13:40:55+03:00
2024/11/09 13:54:17 Request ID: hktCVl, Method: POST, URL: /comments, IP: [::1]:53311, Status: 200, Duration: 505.6µs, Time: 2024-11-09T13:54:17+03:00
2024/11/09 15:15:46 Request ID: FEhCP6, Method: POST, URL: /comments, IP: [::1]:61079, Status: 200, Duration: 0s, Time: 2024-11-09T15:15:46+03:00
2024/11/09 15:23:27 Request ID: 6E2uda, Method: POST, URL: /comments, IP: [::1]:55577, Status: 200, Duration: 0s, Time: 2024-11-09T15:23:27+03:00
2024/11/09 15:23:53 Request ID: etbCnS, Method: POST, URL: /comments, IP: [::1]:55587, Status: 200, Duration: 0s, Time: 2024-11-09T15:23:53+03:00
2024/11/09 15:26:11 Request ID: WU8bE2, Method: POST, URL: /comments, IP: [::1]:55600, Status: 200, Duration: 545.8µs, Time: 2024-11-09T15:26:11+03:00
2024/11/09 15:27:48 Request ID: L5Jg48, Method: POST, URL: /comments, IP: [::1]:55616, Status: 200, Duration: 515.8µs, Time: 2024-11-09T15:27:48+03:00
2024/11/09 15:30:55 Request ID: Cm78ig, Method: POST, URL: /comments, IP: [::1]:55677, Status: 200, Duration: 57.6µs, Time: 2024-11-09T15:30:55+03:00
2024/11/09 15:33:15 Request ID: lKRy7o, Method: POST, URL: /comments, IP: [::1]:55701, Status: 200, Duration: 0s, Time: 2024-11-09T15:33:15+03:00
