2024/11/07 20:08:34 Request ID: 123awd, Method: POST, URL: /comments, IP: [::1]:61270, Status: 404, Duration: 0s, Time: 2024-11-07T20:08:34+03:00
2024/11/07 20:13:25 Request ID: 123awd, Method: POST, URL: /comments, IP: [::1]:61416, Status: 404, Duration: 0s, Time: 2024-11-07T20:13:25+03:00
2024/11/07 20:15:37 Request ID: Agwrjn, Method: POST, URL: /news/1/comment, IP: [::1]:61497, Status: 400, Duration: 4.1751ms, Time: 2024-11-07T20:15:37+03:00
2024/11/07 20:16:09 Request ID: GfEL6R, Method: POST, URL: /news/1/comment, IP: [::1]:61531, Status: 201, Duration: 231.6589ms, Time: 2024-11-07T20:16:09+03:00
2024/11/07 20:17:27 Request ID: tkSxRu, Method: POST, URL: /news/1/comment, IP: [::1]:61618, Status: 201, Duration: 45.8381ms, Time: 2024-11-07T20:17:27+03:00
2024/11/07 20:25:52 Request ID: gJjqnb, Method: GET, URL: /news/1, IP: [::1]:61872, Status: 500, Duration: 79.4882ms, Time: 2024-11-07T20:25:52+03:00
2024/11/07 20:26:22 Request ID: F7IrVW, Method: GET, URL: /news/2, IP: [::1]:61964, Status: 500, Duration: 21.0743ms, Time: 2024-11-07T20:26:22+03:00
2024/11/07 20:42:21 Request ID: MYfifQ, Method: GET, URL: /news/2, IP: [::1]:62349, Status: 500, Duration: 35.54ms, Time: 2024-11-07T20:42:21+03:00
2024/11/07 20:42:51 Request ID: td56zv, Method: GET, URL: /2, IP: [::1]:62358, Status: 404, Duration: 1.5894ms, Time: 2024-11-07T20:42:51+03:00
2024/11/07 20:42:56 Request ID: 5oiCKC, Method: GET, URL: /2, IP: [::1]:62360, Status: 404, Duration: 537.9µs, Time: 2024-11-07T20:42:56+03:00
2024/11/07 20:43:11 Request ID: xThx2q, Method: GET, URL: /news/2, IP: [::1]:62361, Status: 500, Duration: 31.632ms, Time: 2024-11-07T20:43:11+03:00
2024/11/07 20:43:15 Request ID: eHHZMe, Method: GET, URL: /news/2, IP: [::1]:62363, Status: 500, Duration: 2.6692ms, Time: 2024-11-07T20:43:15+03:00
2024/11/07 21:04:55 Request ID: EEU1eU, Method: GET, URL: /news/2, IP: [::1]:62706, Status: 200, Duration: 237.922ms, Time: 2024-11-07T21:04:55+03:00
2024/11/07 21:05:51 Request ID: wPxJcA, Method: GET, URL: /news/1, IP: [::1]:62838, Status: 200, Duration: 78.9833ms, Time: 2024-11-07T21:05:51+03:00
2024/11/07 23:58:49 Request ID: Mkgk8s, Method: GET, URL: /news/1, IP: [::1]:50849, Status: 200, Duration: 47.8357ms, Time: 2024-11-07T23:58:48+03:00
2024/11/08 00:08:10 Request ID: 2jc7rB, Method: GET, URL: /news/1, IP: [::1]:50927, Status: 200, Duration: 25.9826ms, Time: 2024-11-08T00:08:09+03:00
2024/11/08 00:09:37 Request ID: Y3upHR, Method: GET, URL: /news/1, IP: [::1]:50955, Status: 200, Duration: 3.8582ms, Time: 2024-11-08T00:09:37+03:00
2024/11/08 00:10:34 Request ID: misfRx, Method: POST, URL: /news/1/comment, IP: [::1]:50956, Status: 201, Duration: 44.2015ms, Time: 2024-11-08T00:10:34+03:00
2024/11/08 00:10:37 Request ID: FVppeL, Method: GET, URL: /news/1, IP: [::1]:50958, Status: 200, Duration: 3.5127ms, Time: 2024-11-08T00:10:37+03:00
2024/11/08 00:11:04 Request ID: HA16uI, Method: POST, URL: /news/1/comment, IP: [::1]:50959, Status: 201, Duration: 32.6532ms, Time: 2024-11-08T00:11:04+03:00
2024/11/08 00:11:05 Request ID: Jy2ymK, Method: POST, URL: /news/1/comment, IP: [::1]:50961, Status: 201, Duration: 7.4603ms, Time: 2024-11-08T00:11:05+03:00
2024/11/08 00:11:06 Request ID: lsIWCy, Method: GET, URL: /news/1, IP: [::1]:50963, Status: 200, Duration: 3.4967ms, Time: 2024-11-08T00:11:06+03:00
2024/11/08 00:19:02 Request ID: Hh2kg0, Method: POST, URL: /news/1/comment, IP: [::1]:51413, Status: 201, Duration: 49.7044ms, Time: 2024-11-08T00:19:02+03:00
2024/11/08 00:19:05 Request ID: 5s1rv0, Method: GET, URL: /news/1, IP: [::1]:51416, Status: 200, Duration: 7.1598ms, Time: 2024-11-08T00:19:05+03:00
2024/11/08 00:25:45 Request ID: ivSV8s, Method: GET, URL: /news, IP: [::1]:51666, Status: 200, Duration: 62.7993ms, Time: 2024-11-08T00:25:45+03:00
2024/11/08 00:27:01 Request ID: BVZuCZ, Method: GET, URL: /news/filter, IP: [::1]:51688, Status: 500, Duration: 1.2527ms, Time: 2024-11-08T00:27:01+03:00
2024/11/08 00:38:30 Request ID: lx4JkM, Method: GET, URL: /news/filter/провела, IP: [::1]:51841, Status: 404, Duration: 0s, Time: 2024-11-08T00:38:30+03:00
2024/11/08 00:44:21 Request ID: gtBYXE, Method: GET, URL: /news/filter/провела, IP: [::1]:51914, Status: 404, Duration: 0s, Time: 2024-11-08T00:44:21+03:00
2024/11/08 00:45:08 Request ID: 7k1Jnf, Method: GET, URL: /news, IP: [::1]:51928, Status: 200, Duration: 24.2364ms, Time: 2024-11-08T00:45:08+03:00
2024/11/08 00:45:24 Request ID: Da7U0k, Method: GET, URL: /news/filter, IP: [::1]:51931, Status: 200, Duration: 8.2258ms, Time: 2024-11-08T00:45:24+03:00
2024/11/08 01:00:04 Request ID: J2zbB6, Method: POST, URL: /news/1/comment, IP: [::1]:52130, Status: 201, Duration: 112.5326ms, Time: 2024-11-08T01:00:04+03:00
2024/11/08 01:00:10 Request ID: VgiPuF, Method: GET, URL: /news, IP: [::1]:52134, Status: 200, Duration: 16.9746ms, Time: 2024-11-08T01:00:10+03:00
2024/11/08 01:00:33 Request ID: xy0aWB, Method: GET, URL: /news, IP: [::1]:52142, Status: 200, Duration: 6.8897ms, Time: 2024-11-08T01:00:33+03:00
2024/11/08 01:01:22 Request ID: 6EhJuI, Method: GET, URL: /news/filter, IP: [::1]:52150, Status: 200, Duration: 8.0837ms, Time: 2024-11-08T01:01:22+03:00
2024/11/08 01:01:34 Request ID: fnimkG, Method: GET, URL: /news, IP: [::1]:52151, Status: 200, Duration: 7.1845ms, Time: 2024-11-08T01:01:34+03:00
2024/11/08 01:01:41 Request ID: ZP2BpJ, Method: GET, URL: /news/1, IP: [::1]:52152, Status: 200, Duration: 20.7663ms, Time: 2024-11-08T01:01:41+03:00
2024/11/09 12:36:24 Request ID: AmqI7o, Method: GET, URL: /news, IP: [::1]:52267, Status: 200, Duration: 50.5292ms, Time: 2024-11-09T12:36:24+03:00
2024/11/09 12:48:00 Request ID: eBZgKl, Method: GET, URL: /news, IP: [::1]:52436, Status: 200, Duration: 30.1403ms, Time: 2024-11-09T12:48:00+03:00
2024/11/09 12:51:56 Request ID: ycn6Kw, Method: GET, URL: /news, IP: [::1]:52511, Status: 200, Duration: 32.1264ms, Time: 2024-11-09T12:51:56+03:00
2024/11/09 12:59:41 Request ID: vpCvhd, Method: GET, URL: /news, IP: [::1]:52683, Status: 200, Duration: 42.4414ms, Time: 2024-11-09T12:59:41+03:00
2024/11/09 13:00:25 Request ID: QneA7O, Method: POST, URL: /news/1/comment, IP: [::1]:52688, Status: 201, Duration: 59.7136ms, Time: 2024-11-09T13:00:25+03:00
2024/11/09 13:17:44 Request ID: kFIyvr, Method: POST, URL: /news/1/comment, IP: [::1]:52833, Status: 201, Duration: 36.738ms, Time: 2024-11-09T13:17:44+03:00
2024/11/09 13:25:26 Request ID: 1vTFA0, Method: POST, URL: /news/1/comment, IP: [::1]:52936, Status: 201, Duration: 25.9831ms, Time: 2024-11-09T13:25:26+03:00
2024/11/09 13:25:30 Request ID: J7cHwg, Method: POST, URL: /news/1/comment, IP: [::1]:52941, Status: 201, Duration: 37.0178ms, Time: 2024-11-09T13:25:29+03:00
2024/11/09 13:38:57 Request ID: HJzKP5, Method: POST, URL: /news/1/comment, IP: [::1]:53096, Status: 201, Duration: 58.4087ms, Time: 2024-11-09T13:38:57+03:00
2024/11/09 13:39:02 Request ID: vsp0x3, Method: POST, URL: /news/1/comment, IP: [::1]:53099, Status: 201, Duration: 28.4582ms, Time: 2024-11-09T13:39:02+03:00
2024/11/09 13:40:55 Request ID: u2WOqb, Method: POST, URL: /news/1/comment, IP: [::1]:53120, Status: 201, Duration: 50.427ms, Time: 2024-11-09T13:40:55+03:00
2024/11/09 13:54:17 Request ID: hktCVl, Method: POST, URL: /news/1/comment, IP: [::1]:53309, Status: 201, Duration: 57.1914ms, Time: 2024-11-09T13:54:17+03:00
2024/11/09 15:15:46 Request ID: FEhCP6, Method: POST, URL: /news/1/comment, IP: [::1]:61077, Status: 201, Duration: 133.9616ms, Time: 2024-11-09T15:15:46+03:00
2024/11/09 15:16:17 Request ID: J4ynzQ, Method: GET, URL: /news/1, IP: [::1]:55495, Status: 200, Duration: 52.5249ms, Time: 2024-11-09T15:16:17+03:00
2024/11/09 15:17:24 Request ID: phjUbw, Method: GET, URL: /news/1, IP: [::1]:55497, Status: 200, Duration: 5.614ms, Time: 2024-11-09T15:17:24+03:00
2024/11/09 15:23:25 Request ID: nL6Gth, Method: GET, URL: /news/1, IP: [::1]:55573, Status: 200, Duration: 20.2027ms, Time: 2024-11-09T15:23:25+03:00
2024/11/09 15:23:27 Request ID: 6E2uda, Method: POST, URL: /news/1/comment, IP: [::1]:55576, Status: 500, Duration: 39.3083ms, Time: 2024-11-09T15:23:27+03:00
2024/11/09 15:23:53 Request ID: etbCnS, Method: POST, URL: /news/1/comment, IP: [::1]:55585, Status: 500, Duration: 47.8876ms, Time: 2024-11-09T15:23:53+03:00
2024/11/09 15:26:11 Request ID: WU8bE2, Method: POST, URL: /news/1/comment, IP: [::1]:55598, Status: 201, Duration: 58.5783ms, Time: 2024-11-09T15:26:11+03:00
2024/11/09 15:27:48 Request ID: L5Jg48, Method: POST, URL: /news/1/comment, IP: [::1]:55614, Status: 201, Duration: 55.5678ms, Time: 2024-11-09T15:27:47+03:00
2024/11/09 15:27:51 Request ID: Y5Grdx, Method: GET, URL: /news/1, IP: [::1]:55617, Status: 500, Duration: 1.5935ms, Time: 2024-11-09T15:27:51+03:00
2024/11/09 15:30:55 Request ID: Cm78ig, Method: POST, URL: /news/1/comment, IP: [::1]:55675, Status: 201, Duration: 42.3853ms, Time: 2024-11-09T15:30:55+03:00
2024/11/09 15:31:52 Request ID: qvQETK, Method: GET, URL: /news/1, IP: [::1]:55684, Status: 200, Duration: 17.1619ms, Time: 2024-11-09T15:31:52+03:00
2024/11/09 15:33:14 Request ID: FCODJb, Method: GET, URL: /news/1, IP: [::1]:55697, Status: 200, Duration: 52.0818ms, Time: 2024-11-09T15:33:14+03:00
2024/11/09 15:33:15 Request ID: lKRy7o, Method: POST, URL: /news/1/comment, IP: [::1]:55700, Status: 201, Duration: 47.1463ms, Time: 2024-11-09T15:33:15+03:00
2024/11/09 15:33:30 Request ID: QabyHp, Method: GET, URL: /news, IP: [::1]:55704, Status: 200, Duration: 13.9253ms, Time: 2024-11-09T15:33:30+03:00
2024/11/09 15:33:38 Request ID: 7PY6tB, Method: GET, URL: /news/filter, IP: [::1]:55708, Status: 200, Duration: 14.0407ms, Time: 2024-11-09T15:33:38+03:00
2024/11/09 15:34:05 Request ID: zgsSHV, Method: GET, URL: /news, IP: [::1]:55711, Status: 200, Duration: 17.4346ms, Time: 2024-11-09T15:34:05+03:00
2024/11/09 15:34:15 Request ID: fonsdp, Method: GET, URL: /news, IP: [::1]:55713, Status: 200, Duration: 10.814ms, Time: 2024-11-09T15:34:15+03:00
2024/11/09 15:41:17 Request ID: oATtHW, Method: GET, URL: /news, IP: [::1]:55857, Status: 200, Duration: 32.2894ms, Time: 2024-11-09T15:41:17+03:00
2024/11/09 15:41:49 Request ID: 8Uyyo8, Method: GET, URL: /news, IP: [::1]:55861, Status: 400, Duration: 0s, Time: 2024-11-09T15:41:49+03:00
2024/11/09 15:42:11 Request ID: hmqNic, Method: GET, URL: /news, IP: [::1]:55865, Status: 400, Duration: 0s, Time: 2024-11-09T15:42:11+03:00
2024/11/09 15:42:59 Request ID: boC0pN, Method: GET, URL: /news, IP: [::1]:55866, Status: 200, Duration: 20.801ms, Time: 2024-11-09T15:42:59+03:00
2024/11/09 15:43:19 Request ID: idvhg8, Method: GET, URL: /news, IP: [::1]:55868, Status: 200, Duration: 13.4657ms, Time: 2024-11-09T15:43:19+03:00
